2018-03-15T06:36:05.706Z - normal: Load ~/.CocosCreator/settings.json
2018-03-15T06:36:05.728Z - normal: checking language setting...
2018-03-15T06:36:05.728Z - normal: Language: en
2018-03-15T06:36:12.237Z - success: protocol editor-framework registered
2018-03-15T06:36:12.238Z - success: protocol app registered
2018-03-15T06:36:12.238Z - success: protocol theme registered
2018-03-15T06:36:12.239Z - success: protocol profile registered
2018-03-15T06:36:12.239Z - success: protocol packages registered
2018-03-15T06:36:12.243Z - success: protocol unpack registerred
2018-03-15T06:36:12.243Z - success: protocol disable-commonjs registerred
2018-03-15T06:36:13.865Z - normal: connected!
2018-03-15T06:36:13.867Z - normal: Check project /Users/souravbanik/Documents/cocos2dx/jan2018/rewarded
2018-03-15T06:36:13.899Z - normal: Initializing Cocos2d
2018-03-15T06:36:14.932Z - normal: Initializing Asset Database
2018-03-15T06:36:15.037Z - success: protocol uuid registerred
2018-03-15T06:36:15.039Z - success: protocol db registerred
2018-03-15T06:36:15.039Z - success: protocol thumbnail registerred
2018-03-15T06:36:15.039Z - normal: Loading editor/builtin packages
2018-03-15T06:36:15.281Z - success: anysdk loaded
2018-03-15T06:36:15.549Z - success: assets loaded
2018-03-15T06:36:15.556Z - success: builder loaded
2018-03-15T06:36:15.564Z - success: hierarchy loaded
2018-03-15T06:36:15.570Z - success: inspector loaded
2018-03-15T06:36:15.573Z - success: keystore loaded
2018-03-15T06:36:15.579Z - success: node-library loaded
2018-03-15T06:36:15.581Z - success: package-asset loaded
2018-03-15T06:36:15.584Z - success: preferences loaded
2018-03-15T06:36:15.589Z - success: project-exporter loaded
2018-03-15T06:36:15.610Z - success: project-importer loaded
2018-03-15T06:36:15.614Z - success: project-settings loaded
2018-03-15T06:36:15.629Z - success: ui-kit loaded
2018-03-15T06:36:15.636Z - success: ui-grid loaded
2018-03-15T06:36:15.643Z - success: scene loaded
2018-03-15T06:36:15.645Z - success: sprite-editor loaded
2018-03-15T06:36:15.658Z - success: store loaded
2018-03-15T06:36:15.667Z - success: timeline loaded
2018-03-15T06:36:15.667Z - normal: Loading builtin packages
2018-03-15T06:36:15.699Z - success: asset-db-debugger loaded
2018-03-15T06:36:15.701Z - success: color-picker loaded
2018-03-15T06:36:15.744Z - success: console loaded
2018-03-15T06:36:15.751Z - success: package-manager loaded
2018-03-15T06:36:15.765Z - success: sdkbox loaded
2018-03-15T06:36:15.771Z - success: tester loaded
2018-03-15T06:36:15.778Z - success: ui-kit-preview-extra loaded
2018-03-15T06:36:15.783Z - success: ui-kit-preview loaded
2018-03-15T06:36:15.789Z - success: ui-tree loaded
2018-03-15T06:36:18.167Z - normal: Initializing project /Users/souravbanik/Documents/cocos2dx/jan2018/rewarded
2018-03-15T06:36:18.219Z - normal: Loading packages
2018-03-15T06:36:18.226Z - normal: Watching packages
2018-03-15T06:36:18.262Z - normal: Run Application
2018-03-15T06:36:24.679Z - success: preview server running at http://localhost:7456
2018-03-15T06:36:42.543Z - normal: 1.6.1
2018-03-15T06:48:05.487Z - failed: [db-task][sync-changes] Failed to import asset /Users/souravbanik/Documents/cocos2dx/jan2018/rewarded/assets/MainJS.js, message: Compile error: SyntaxError: /Users/souravbanik/Documents/cocos2dx/jan2018/rewarded/assets/MainJS.js: Unexpected token, expected , (166:8)
  164 |         }
  165 | 
> 166 |         isUpdateUiNeeded = true;        //Updating UI based on Ad callback
      |         ^
  167 |     },
  168 |     //Updating the UI as per callback status
  169 |    	 updateUIFun: function () {
    at Parser.pp$5.raise (/Applications/CocosCreator.app/Contents/Resources/app.asar/node_modules/babylon/lib/index.js:4454:13)
    at Parser.pp.unexpected (/Applications/CocosCreator.app/Contents/Resources/app.asar/node_modules/babylon/lib/index.js:1761:8)
    at Parser.pp.expect (/Applications/CocosCreator.app/Contents/Resources/app.asar/node_modules/babylon/lib/index.js:1749:33)
    at Parser.pp$3.parseObj (/Applications/CocosCreator.app/Contents/Resources/app.asar/node_modules/babylon/lib/index.js:3978:12)
    at Parser.pp$3.parseExprAtom (/Applications/CocosCreator.app/Contents/Resources/app.asar/node_modules/babylon/lib/index.js:3719:19)
    at Parser.pp$3.parseExprSubscripts (/Applications/CocosCreator.app/Contents/Resources/app.asar/node_modules/babylon/lib/index.js:3494:19)
    at Parser.pp$3.parseMaybeUnary (/Applications/CocosCreator.app/Contents/Resources/app.asar/node_modules/babylon/lib/index.js:3474:19)
    at Parser.pp$3.parseExprOps (/Applications/CocosCreator.app/Contents/Resources/app.asar/node_modules/babylon/lib/index.js:3404:19)
    at Parser.pp$3.parseMaybeConditional (/Applications/CocosCreator.app/Contents/Resources/app.asar/node_modules/babylon/lib/index.js:3381:19)
    at Parser.pp$3.parseMaybeAssign (/Applications/CocosCreator.app/Contents/Resources/app.asar/node_modules/babylon/lib/index.js:3344:19)
2018-03-15T06:49:54.600Z - failed: [db-task][sync-changes] Failed to import asset /Users/souravbanik/Documents/cocos2dx/jan2018/rewarded/assets/MainJS.js, message: Compile error: SyntaxError: /Users/souravbanik/Documents/cocos2dx/jan2018/rewarded/assets/MainJS.js: Unexpected token, expected , (163:8)
  161 |         }
  162 | 
> 163 |         isUpdateUiNeeded = true;        //Updating UI based on Ad callback
      |         ^
  164 |     },
  165 |     //Updating the UI as per callback status
  166 |    	 updateUIFun: function () {
    at Parser.pp$5.raise (/Applications/CocosCreator.app/Contents/Resources/app.asar/node_modules/babylon/lib/index.js:4454:13)
    at Parser.pp.unexpected (/Applications/CocosCreator.app/Contents/Resources/app.asar/node_modules/babylon/lib/index.js:1761:8)
    at Parser.pp.expect (/Applications/CocosCreator.app/Contents/Resources/app.asar/node_modules/babylon/lib/index.js:1749:33)
    at Parser.pp$3.parseObj (/Applications/CocosCreator.app/Contents/Resources/app.asar/node_modules/babylon/lib/index.js:3978:12)
    at Parser.pp$3.parseExprAtom (/Applications/CocosCreator.app/Contents/Resources/app.asar/node_modules/babylon/lib/index.js:3719:19)
    at Parser.pp$3.parseExprSubscripts (/Applications/CocosCreator.app/Contents/Resources/app.asar/node_modules/babylon/lib/index.js:3494:19)
    at Parser.pp$3.parseMaybeUnary (/Applications/CocosCreator.app/Contents/Resources/app.asar/node_modules/babylon/lib/index.js:3474:19)
    at Parser.pp$3.parseExprOps (/Applications/CocosCreator.app/Contents/Resources/app.asar/node_modules/babylon/lib/index.js:3404:19)
    at Parser.pp$3.parseMaybeConditional (/Applications/CocosCreator.app/Contents/Resources/app.asar/node_modules/babylon/lib/index.js:3381:19)
    at Parser.pp$3.parseMaybeAssign (/Applications/CocosCreator.app/Contents/Resources/app.asar/node_modules/babylon/lib/index.js:3344:19)
2018-03-15T07:25:03.772Z - normal: Start building with options : {
  "androidStudio": true,
  "apiLevel": "android-19",
  "appABIs": [
    "armeabi-v7a"
  ],
  "appKey": "",
  "appSecret": "",
  "buildPath": "/Users/souravbanik/Documents/cocos2dx/jan2018/rewarded/build",
  "debug": false,
  "dest": "/Users/souravbanik/Documents/cocos2dx/jan2018/rewarded/build/jsb-default",
  "excludedModules": [],
  "includeAnySDK": false,
  "includeEruda": false,
  "includeSDKBox": false,
  "inlineSpriteFrames": true,
  "inlineSpriteFrames_native": true,
  "md5Cache": false,
  "mergeStartScene": false,
  "oauthLoginServer": "",
  "optimizeHotUpdate": false,
  "orientation": {
    "landscapeLeft": true,
    "landscapeRight": true,
    "portrait": true,
    "upsideDown": false
  },
  "packageName": "org.cocos2d.helloworld",
  "platform": "android",
  "previewHeight": 720,
  "previewWidth": 1280,
  "privateKey": "",
  "renderMode": "0",
  "scenes": [
    "34782e0e-637c-405f-87f2-eef584c58962"
  ],
  "sourceMaps": false,
  "startScene": "34782e0e-637c-405f-87f2-eef584c58962",
  "template": "default",
  "title": "Rewarded",
  "useDebugKeystore": true,
  "vsVersion": "auto",
  "webOrientation": "auto",
  "project": "/Users/souravbanik/Documents/cocos2dx/jan2018/rewarded",
  "projectName": "Rewarded",
  "debugBuildWorker": false
}
2018-03-15T07:25:03.796Z - normal: Building /Users/souravbanik/Documents/cocos2dx/jan2018/rewarded
2018-03-15T07:25:03.807Z - normal: Destination /Users/souravbanik/Documents/cocos2dx/jan2018/rewarded/build/jsb-default
2018-03-15T07:25:04.918Z - normal: Checked Python Version [2.7.10]
2018-03-15T07:25:09.874Z - normal: Delete /Users/souravbanik/Documents/cocos2dx/jan2018/rewarded/build/jsb-default/res/**/*
2018-03-15T07:25:09.886Z - normal: Delete /Users/souravbanik/Documents/cocos2dx/jan2018/rewarded/build/jsb-default/src/*/
2018-03-15T07:25:10.108Z - normal: Generating main.js from /Applications/CocosCreator.app/Contents/Resources/static/build-templates/shares/main.js
2018-03-15T07:25:16.742Z - normal: Compiled project javascript file successfully
2018-03-15T07:25:16.743Z - normal: Start building assets
2018-03-15T07:25:16.743Z - normal: Start spawn build-worker
2018-03-15T07:25:19.117Z - normal: Finish spawn build-worker
2018-03-15T07:25:19.117Z - normal: Start init build-worker
2018-03-15T07:25:26.838Z - normal: 1.6.1
2018-03-15T07:25:27.097Z - normal: Finish init build-worker
2018-03-15T07:25:27.098Z - normal: Start build-assets in worker
2018-03-15T07:25:27.927Z - info: Enable "Inline all SpriteFrames" in native platform will increase the package size used in hot update.
2018-03-15T07:25:28.148Z - normal: Finish build-assets in worker
2018-03-15T07:25:28.155Z - normal: Finish building assets
2018-03-15T07:25:28.410Z - normal: Start building raw assets
2018-03-15T07:25:28.411Z - normal: [build-raw-assets] Start copying /Applications/CocosCreator.app/Contents/Resources/static/default-assets/image/default_btn_disabled.png to /Users/souravbanik/Documents/cocos2dx/jan2018/rewarded/build/jsb-default/res/raw-internal/image/default_btn_disabled.png
2018-03-15T07:25:28.412Z - normal: [build-raw-assets] Start copying /Applications/CocosCreator.app/Contents/Resources/static/default-assets/image/default_btn_normal.png to /Users/souravbanik/Documents/cocos2dx/jan2018/rewarded/build/jsb-default/res/raw-internal/image/default_btn_normal.png
2018-03-15T07:25:28.412Z - normal: [build-raw-assets] Start copying /Applications/CocosCreator.app/Contents/Resources/static/default-assets/image/default_btn_pressed.png to /Users/souravbanik/Documents/cocos2dx/jan2018/rewarded/build/jsb-default/res/raw-internal/image/default_btn_pressed.png
2018-03-15T07:25:28.413Z - normal: Start building plugin scripts
2018-03-15T07:25:28.468Z - normal: [build-raw-assets] Finish copying /Applications/CocosCreator.app/Contents/Resources/static/default-assets/image/default_btn_normal.png to /Users/souravbanik/Documents/cocos2dx/jan2018/rewarded/build/jsb-default/res/raw-internal/image/default_btn_normal.png
2018-03-15T07:25:28.469Z - normal: [build-raw-assets] Finish copying /Applications/CocosCreator.app/Contents/Resources/static/default-assets/image/default_btn_pressed.png to /Users/souravbanik/Documents/cocos2dx/jan2018/rewarded/build/jsb-default/res/raw-internal/image/default_btn_pressed.png
2018-03-15T07:25:28.469Z - normal: [build-raw-assets] Finish copying /Applications/CocosCreator.app/Contents/Resources/static/default-assets/image/default_btn_disabled.png to /Users/souravbanik/Documents/cocos2dx/jan2018/rewarded/build/jsb-default/res/raw-internal/image/default_btn_disabled.png
2018-03-15T07:25:28.469Z - normal: Finish building raw assets
2018-03-15T07:25:28.794Z - normal: Checked Python Version [2.7.10]
2018-03-15T07:25:32.989Z - normal: Built to "/Users/souravbanik/Documents/cocos2dx/jan2018/rewarded/build/jsb-default" successfully
